@laoergege/vuepress-plugin-vssue-next-compat:publish: cache hit, replaying output [2mcab58eab5b0d478f[0m
[32m@laoergege/vuepress-plugin-vssue-next-compat:publish: [0m
[32m@laoergege/vuepress-plugin-vssue-next-compat:publish: [0m> @laoergege/vuepress-plugin-vssue-next-compat@1.0.4 publish /Users/lianyuansheng/GitHub/laoergege-blog/packages/vuepress-plugin-vssue-next-compat
[32m@laoergege/vuepress-plugin-vssue-next-compat:publish: [0m> pnpm publish --no-git-checks --force
[32m@laoergege/vuepress-plugin-vssue-next-compat:publish: [0m
[32m@laoergege/vuepress-plugin-vssue-next-compat:publish: [0m WARN  using --force I sure hope you know what you are doing
[32m@laoergege/vuepress-plugin-vssue-next-compat:publish: [0mnpm WARN using --force Recommended protections disabled.
[32m@laoergege/vuepress-plugin-vssue-next-compat:publish: [0mnpm notice 
[32m@laoergege/vuepress-plugin-vssue-next-compat:publish: [0mnpm notice 📦  @laoergege/vuepress-plugin-vssue-next-compat@1.0.4
[32m@laoergege/vuepress-plugin-vssue-next-compat:publish: [0mnpm notice === Tarball Contents === 
[32m@laoergege/vuepress-plugin-vssue-next-compat:publish: [0mnpm notice 315B  CHANGELOG.md               
[32m@laoergege/vuepress-plugin-vssue-next-compat:publish: [0mnpm notice 1.9kB README.md                  
[32m@laoergege/vuepress-plugin-vssue-next-compat:publish: [0mnpm notice 6.8kB lib/clientConfigFile.js    
[32m@laoergege/vuepress-plugin-vssue-next-compat:publish: [0mnpm notice 1.4kB lib/index.js               
[32m@laoergege/vuepress-plugin-vssue-next-compat:publish: [0mnpm notice 3.0kB package.json               
[32m@laoergege/vuepress-plugin-vssue-next-compat:publish: [0mnpm notice 312B  types/clientConfigFile.d.ts
[32m@laoergege/vuepress-plugin-vssue-next-compat:publish: [0mnpm notice 373B  types/index.d.ts           
[32m@laoergege/vuepress-plugin-vssue-next-compat:publish: [0mnpm notice === Tarball Details === 
[32m@laoergege/vuepress-plugin-vssue-next-compat:publish: [0mnpm notice name:          @laoergege/vuepress-plugin-vssue-next-compat          
[32m@laoergege/vuepress-plugin-vssue-next-compat:publish: [0mnpm notice version:       1.0.4                                                 
[32m@laoergege/vuepress-plugin-vssue-next-compat:publish: [0mnpm notice filename:      @laoergege/vuepress-plugin-vssue-next-compat-1.0.4.tgz
[32m@laoergege/vuepress-plugin-vssue-next-compat:publish: [0mnpm notice package size:  4.1 kB                                                
[32m@laoergege/vuepress-plugin-vssue-next-compat:publish: [0mnpm notice unpacked size: 14.1 kB                                               
[32m@laoergege/vuepress-plugin-vssue-next-compat:publish: [0mnpm notice shasum:        5bc65fefd5ff1bcb89701ef8b3850232a464cac7              
[32m@laoergege/vuepress-plugin-vssue-next-compat:publish: [0mnpm notice integrity:     sha512-icD3IPcEm3rke[...]gWSET/ts2Uj5A==              
[32m@laoergege/vuepress-plugin-vssue-next-compat:publish: [0mnpm notice total files:   7                                                     
[32m@laoergege/vuepress-plugin-vssue-next-compat:publish: [0mnpm notice 
[32m@laoergege/vuepress-plugin-vssue-next-compat:publish: [0mnpm notice Publishing to https://npm.pkg.github.com/
[32m@laoergege/vuepress-plugin-vssue-next-compat:publish: [0m+ @laoergege/vuepress-plugin-vssue-next-compat@1.0.4
[32m@laoergege/vuepress-plugin-vssue-next-compat:publish: [0m
[32m@laoergege/vuepress-plugin-vssue-next-compat:publish: [0m> @laoergege/vuepress-plugin-vssue-next-compat@1.0.4 publish /Users/lianyuansheng/GitHub/laoergege-blog/packages/vuepress-plugin-vssue-next-compat
[32m@laoergege/vuepress-plugin-vssue-next-compat:publish: [0m> pnpm publish --no-git-checks --force
[32m@laoergege/vuepress-plugin-vssue-next-compat:publish: [0m
[32m@laoergege/vuepress-plugin-vssue-next-compat:publish: [0m WARN  using --force I sure hope you know what you are doing
[32m@laoergege/vuepress-plugin-vssue-next-compat:publish: [0mnpm WARN using --force Recommended protections disabled.
[32m@laoergege/vuepress-plugin-vssue-next-compat:publish: [0mnpm notice 
[32m@laoergege/vuepress-plugin-vssue-next-compat:publish: [0mnpm notice 📦  @laoergege/vuepress-plugin-vssue-next-compat@1.0.4
[32m@laoergege/vuepress-plugin-vssue-next-compat:publish: [0mnpm notice === Tarball Contents === 
[32m@laoergege/vuepress-plugin-vssue-next-compat:publish: [0mnpm notice 315B  CHANGELOG.md               
[32m@laoergege/vuepress-plugin-vssue-next-compat:publish: [0mnpm notice 1.9kB README.md                  
[32m@laoergege/vuepress-plugin-vssue-next-compat:publish: [0mnpm notice 6.8kB lib/clientConfigFile.js    
[32m@laoergege/vuepress-plugin-vssue-next-compat:publish: [0mnpm notice 1.4kB lib/index.js               
[32m@laoergege/vuepress-plugin-vssue-next-compat:publish: [0mnpm notice 3.0kB package.json               
[32m@laoergege/vuepress-plugin-vssue-next-compat:publish: [0mnpm notice 312B  types/clientConfigFile.d.ts
[32m@laoergege/vuepress-plugin-vssue-next-compat:publish: [0mnpm notice 373B  types/index.d.ts           
[32m@laoergege/vuepress-plugin-vssue-next-compat:publish: [0mnpm notice === Tarball Details === 
[32m@laoergege/vuepress-plugin-vssue-next-compat:publish: [0mnpm notice name:          @laoergege/vuepress-plugin-vssue-next-compat          
[32m@laoergege/vuepress-plugin-vssue-next-compat:publish: [0mnpm notice version:       1.0.4                                                 
[32m@laoergege/vuepress-plugin-vssue-next-compat:publish: [0mnpm notice filename:      @laoergege/vuepress-plugin-vssue-next-compat-1.0.4.tgz
[32m@laoergege/vuepress-plugin-vssue-next-compat:publish: [0mnpm notice package size:  4.1 kB                                                
[32m@laoergege/vuepress-plugin-vssue-next-compat:publish: [0mnpm notice unpacked size: 14.1 kB                                               
[32m@laoergege/vuepress-plugin-vssue-next-compat:publish: [0mnpm notice shasum:        5bc65fefd5ff1bcb89701ef8b3850232a464cac7              
[32m@laoergege/vuepress-plugin-vssue-next-compat:publish: [0mnpm notice integrity:     sha512-icD3IPcEm3rke[...]gWSET/ts2Uj5A==              
[32m@laoergege/vuepress-plugin-vssue-next-compat:publish: [0mnpm notice total files:   7                                                     
[32m@laoergege/vuepress-plugin-vssue-next-compat:publish: [0mnpm notice 
[32m@laoergege/vuepress-plugin-vssue-next-compat:publish: [0mnpm notice Publishing to https://npm.pkg.github.com/
[32m@laoergege/vuepress-plugin-vssue-next-compat:publish: [0mnpm ERR! code E400
[32m@laoergege/vuepress-plugin-vssue-next-compat:publish: [0mnpm ERR! 400 Bad Request - PUT https://npm.pkg.github.com/@laoergege%2fvuepress-plugin-vssue-next-compat - failed to stream package from json: unhandled input: Cannot publish over existing version.
[32m@laoergege/vuepress-plugin-vssue-next-compat:publish: [0m
[32m@laoergege/vuepress-plugin-vssue-next-compat:publish: [0mnpm ERR! A complete log of this run can be found in:
[32m@laoergege/vuepress-plugin-vssue-next-compat:publish: [0mnpm ERR!     /Users/lianyuansheng/.npm/_logs/2022-06-20T03_35_33_985Z-debug-0.log
[32m@laoergege/vuepress-plugin-vssue-next-compat:publish: [0m ELIFECYCLE  Command failed with exit code 1.
[32m@laoergege/vuepress-plugin-vssue-next-compat:publish: [0m ELIFECYCLE  Command failed with exit code 1.
