{
  "0 debug pnpm:scope": {
    "selected": 1,
    "workspacePrefix": "/Users/lianyuansheng/GitHub/laoergege-blog"
  },
  "1 error pnpm": {
    "errno": 1,
    "code": "ELIFECYCLE",
    "pkgid": "laoergege-blog@1.0.0",
    "stage": "dev",
    "script": "vuepress dev docs",
    "pkgname": "laoergege-blog",
    "err": {
      "name": "pnpm",
      "message": "laoergege-blog@1.0.0 dev: `vuepress dev docs`\nExit status 1",
      "code": "ELIFECYCLE",
      "stack": "pnpm: laoergege-blog@1.0.0 dev: `vuepress dev docs`\nExit status 1\n    at EventEmitter.<anonymous> (/Users/lianyuansheng/.nvm/versions/node/v16.14.0/pnpm-global/5/node_modules/.pnpm/registry.npmmirror.com+pnpm@6.32.2/node_modules/pnpm/dist/pnpm.cjs:105700:20)\n    at EventEmitter.emit (node:events:520:28)\n    at ChildProcess.<anonymous> (/Users/lianyuansheng/.nvm/versions/node/v16.14.0/pnpm-global/5/node_modules/.pnpm/registry.npmmirror.com+pnpm@6.32.2/node_modules/pnpm/dist/pnpm.cjs:92261:18)\n    at ChildProcess.emit (node:events:520:28)\n    at maybeClose (node:internal/child_process:1092:16)\n    at Process.ChildProcess._handle.onexit (node:internal/child_process:302:5)"
    }
  }
}